<?xml version="1.0" encoding="UTF-8"?>
<!-- Generated by org.testng.reporters.JUnitReportReporter -->
<testsuite hostname="Sanjeev" failures="0" tests="1" name="tp_008.Oppurtunity" time="6.460" errors="0" timestamp="2025-01-24T11:56:38 IST" skipped="0">
  <testcase classname="tp_008.Oppurtunity" name="createOpp" time="6.460"/>
  <system-out/>
</testsuite> <!-- tp_008.Oppurtunity -->
